running egg_info
creating ../../build/sailbot/sailbot.egg-info
writing ../../build/sailbot/sailbot.egg-info/PKG-INFO
writing dependency_links to ../../build/sailbot/sailbot.egg-info/dependency_links.txt
writing entry points to ../../build/sailbot/sailbot.egg-info/entry_points.txt
writing requirements to ../../build/sailbot/sailbot.egg-info/requires.txt
writing top-level names to ../../build/sailbot/sailbot.egg-info/top_level.txt
writing manifest file '../../build/sailbot/sailbot.egg-info/SOURCES.txt'
reading manifest file '../../build/sailbot/sailbot.egg-info/SOURCES.txt'
writing manifest file '../../build/sailbot/sailbot.egg-info/SOURCES.txt'
running build
running build_py
creating /home/njeusman/sailbot20-21/sailbot_ws/build/sailbot/build
creating /home/njeusman/sailbot20-21/sailbot_ws/build/sailbot/build/lib
creating /home/njeusman/sailbot20-21/sailbot_ws/build/sailbot/build/lib/sailbot
copying sailbot/__init__.py -> /home/njeusman/sailbot20-21/sailbot_ws/build/sailbot/build/lib/sailbot
copying sailbot/pin_io.py -> /home/njeusman/sailbot20-21/sailbot_ws/build/sailbot/build/lib/sailbot
copying sailbot/control_system.py -> /home/njeusman/sailbot20-21/sailbot_ws/build/sailbot/build/lib/sailbot
running install
running install_lib
creating /home/njeusman/sailbot20-21/sailbot_ws/install/sailbot/lib/python3.6/site-packages/sailbot
copying /home/njeusman/sailbot20-21/sailbot_ws/build/sailbot/build/lib/sailbot/__init__.py -> /home/njeusman/sailbot20-21/sailbot_ws/install/sailbot/lib/python3.6/site-packages/sailbot
copying /home/njeusman/sailbot20-21/sailbot_ws/build/sailbot/build/lib/sailbot/pin_io.py -> /home/njeusman/sailbot20-21/sailbot_ws/install/sailbot/lib/python3.6/site-packages/sailbot
copying /home/njeusman/sailbot20-21/sailbot_ws/build/sailbot/build/lib/sailbot/control_system.py -> /home/njeusman/sailbot20-21/sailbot_ws/install/sailbot/lib/python3.6/site-packages/sailbot
byte-compiling /home/njeusman/sailbot20-21/sailbot_ws/install/sailbot/lib/python3.6/site-packages/sailbot/__init__.py to __init__.cpython-36.pyc
byte-compiling /home/njeusman/sailbot20-21/sailbot_ws/install/sailbot/lib/python3.6/site-packages/sailbot/pin_io.py to pin_io.cpython-36.pyc
byte-compiling /home/njeusman/sailbot20-21/sailbot_ws/install/sailbot/lib/python3.6/site-packages/sailbot/control_system.py to control_system.cpython-36.pyc
running install_data
creating /home/njeusman/sailbot20-21/sailbot_ws/install/sailbot/share/ament_index
creating /home/njeusman/sailbot20-21/sailbot_ws/install/sailbot/share/ament_index/resource_index
creating /home/njeusman/sailbot20-21/sailbot_ws/install/sailbot/share/ament_index/resource_index/packages
copying resource/sailbot -> /home/njeusman/sailbot20-21/sailbot_ws/install/sailbot/share/ament_index/resource_index/packages
copying package.xml -> /home/njeusman/sailbot20-21/sailbot_ws/install/sailbot/share/sailbot
running install_egg_info
Copying ../../build/sailbot/sailbot.egg-info to /home/njeusman/sailbot20-21/sailbot_ws/install/sailbot/lib/python3.6/site-packages/sailbot-0.0.0-py3.6.egg-info
running install_scripts
Installing control_system script to /home/njeusman/sailbot20-21/sailbot_ws/install/sailbot/lib/sailbot
Installing pin_io script to /home/njeusman/sailbot20-21/sailbot_ws/install/sailbot/lib/sailbot
writing list of installed files to '/home/njeusman/sailbot20-21/sailbot_ws/build/sailbot/install.log'
