[0.543s] Invoking command in '/home/njeusman/sailbot20-21/sailbot_ws/src/sailbot': PYTHONPATH=/home/njeusman/sailbot20-21/sailbot_ws/install/sailbot/lib/python3.6/site-packages:${PYTHONPATH} /usr/bin/python3 setup.py egg_info --egg-base ../../build/sailbot build --build-base /home/njeusman/sailbot20-21/sailbot_ws/build/sailbot/build install --prefix /home/njeusman/sailbot20-21/sailbot_ws/install/sailbot --record /home/njeusman/sailbot20-21/sailbot_ws/build/sailbot/install.log --single-version-externally-managed
[1.016s] running egg_info
[1.017s] creating ../../build/sailbot/sailbot.egg-info
[1.017s] writing ../../build/sailbot/sailbot.egg-info/PKG-INFO
[1.018s] writing dependency_links to ../../build/sailbot/sailbot.egg-info/dependency_links.txt
[1.019s] writing entry points to ../../build/sailbot/sailbot.egg-info/entry_points.txt
[1.019s] writing requirements to ../../build/sailbot/sailbot.egg-info/requires.txt
[1.020s] writing top-level names to ../../build/sailbot/sailbot.egg-info/top_level.txt
[1.020s] writing manifest file '../../build/sailbot/sailbot.egg-info/SOURCES.txt'
[1.146s] reading manifest file '../../build/sailbot/sailbot.egg-info/SOURCES.txt'
[1.149s] writing manifest file '../../build/sailbot/sailbot.egg-info/SOURCES.txt'
[1.149s] running build
[1.150s] running build_py
[1.150s] creating /home/njeusman/sailbot20-21/sailbot_ws/build/sailbot/build
[1.151s] creating /home/njeusman/sailbot20-21/sailbot_ws/build/sailbot/build/lib
[1.151s] creating /home/njeusman/sailbot20-21/sailbot_ws/build/sailbot/build/lib/sailbot
[1.152s] copying sailbot/__init__.py -> /home/njeusman/sailbot20-21/sailbot_ws/build/sailbot/build/lib/sailbot
[1.152s] copying sailbot/pin_io.py -> /home/njeusman/sailbot20-21/sailbot_ws/build/sailbot/build/lib/sailbot
[1.153s] copying sailbot/control_system.py -> /home/njeusman/sailbot20-21/sailbot_ws/build/sailbot/build/lib/sailbot
[1.153s] running install
[1.155s] running install_lib
[1.157s] creating /home/njeusman/sailbot20-21/sailbot_ws/install/sailbot/lib/python3.6/site-packages/sailbot
[1.158s] copying /home/njeusman/sailbot20-21/sailbot_ws/build/sailbot/build/lib/sailbot/__init__.py -> /home/njeusman/sailbot20-21/sailbot_ws/install/sailbot/lib/python3.6/site-packages/sailbot
[1.158s] copying /home/njeusman/sailbot20-21/sailbot_ws/build/sailbot/build/lib/sailbot/pin_io.py -> /home/njeusman/sailbot20-21/sailbot_ws/install/sailbot/lib/python3.6/site-packages/sailbot
[1.158s] copying /home/njeusman/sailbot20-21/sailbot_ws/build/sailbot/build/lib/sailbot/control_system.py -> /home/njeusman/sailbot20-21/sailbot_ws/install/sailbot/lib/python3.6/site-packages/sailbot
[1.159s] byte-compiling /home/njeusman/sailbot20-21/sailbot_ws/install/sailbot/lib/python3.6/site-packages/sailbot/__init__.py to __init__.cpython-36.pyc
[1.160s] byte-compiling /home/njeusman/sailbot20-21/sailbot_ws/install/sailbot/lib/python3.6/site-packages/sailbot/pin_io.py to pin_io.cpython-36.pyc
[1.161s] byte-compiling /home/njeusman/sailbot20-21/sailbot_ws/install/sailbot/lib/python3.6/site-packages/sailbot/control_system.py to control_system.cpython-36.pyc
[1.162s] running install_data
[1.164s] creating /home/njeusman/sailbot20-21/sailbot_ws/install/sailbot/share/ament_index
[1.164s] creating /home/njeusman/sailbot20-21/sailbot_ws/install/sailbot/share/ament_index/resource_index
[1.164s] creating /home/njeusman/sailbot20-21/sailbot_ws/install/sailbot/share/ament_index/resource_index/packages
[1.165s] copying resource/sailbot -> /home/njeusman/sailbot20-21/sailbot_ws/install/sailbot/share/ament_index/resource_index/packages
[1.165s] copying package.xml -> /home/njeusman/sailbot20-21/sailbot_ws/install/sailbot/share/sailbot
[1.165s] running install_egg_info
[1.170s] Copying ../../build/sailbot/sailbot.egg-info to /home/njeusman/sailbot20-21/sailbot_ws/install/sailbot/lib/python3.6/site-packages/sailbot-0.0.0-py3.6.egg-info
[1.172s] running install_scripts
[1.243s] Installing control_system script to /home/njeusman/sailbot20-21/sailbot_ws/install/sailbot/lib/sailbot
[1.244s] Installing pin_io script to /home/njeusman/sailbot20-21/sailbot_ws/install/sailbot/lib/sailbot
[1.245s] writing list of installed files to '/home/njeusman/sailbot20-21/sailbot_ws/build/sailbot/install.log'
[1.279s] Invoked command in '/home/njeusman/sailbot20-21/sailbot_ws/src/sailbot' returned '0': PYTHONPATH=/home/njeusman/sailbot20-21/sailbot_ws/install/sailbot/lib/python3.6/site-packages:${PYTHONPATH} /usr/bin/python3 setup.py egg_info --egg-base ../../build/sailbot build --build-base /home/njeusman/sailbot20-21/sailbot_ws/build/sailbot/build install --prefix /home/njeusman/sailbot20-21/sailbot_ws/install/sailbot --record /home/njeusman/sailbot20-21/sailbot_ws/build/sailbot/install.log --single-version-externally-managed
