[0.233s] Invoking command in '/home/luke/sailbot20-21/sailbot_ws/src/sailbot': PYTHONPATH=/home/luke/sailbot20-21/sailbot_ws/install/sailbot/lib/python3.6/site-packages:${PYTHONPATH} /usr/bin/python3 setup.py egg_info --egg-base ../../build/sailbot build --build-base /home/luke/sailbot20-21/sailbot_ws/build/sailbot/build install --prefix /home/luke/sailbot20-21/sailbot_ws/install/sailbot --record /home/luke/sailbot20-21/sailbot_ws/build/sailbot/install.log --single-version-externally-managed
[0.716s] running egg_info
[0.719s] writing ../../build/sailbot/sailbot.egg-info/PKG-INFO
[0.723s] writing dependency_links to ../../build/sailbot/sailbot.egg-info/dependency_links.txt
[0.724s] writing entry points to ../../build/sailbot/sailbot.egg-info/entry_points.txt
[0.724s] writing requirements to ../../build/sailbot/sailbot.egg-info/requires.txt
[0.726s] writing top-level names to ../../build/sailbot/sailbot.egg-info/top_level.txt
[1.028s] reading manifest file '../../build/sailbot/sailbot.egg-info/SOURCES.txt'
[1.039s] writing manifest file '../../build/sailbot/sailbot.egg-info/SOURCES.txt'
[1.040s] running build
[1.040s] running build_py
[1.040s] running install
[1.041s] running install_lib
[1.069s] running install_data
[1.091s] creating /home/luke/sailbot20-21/sailbot_ws/install/sailbot/share/sailbot/launch
[1.092s] running install_egg_info
[1.127s] removing '/home/luke/sailbot20-21/sailbot_ws/install/sailbot/lib/python3.6/site-packages/sailbot-0.0.0-py3.6.egg-info' (and everything under it)
[1.144s] Copying ../../build/sailbot/sailbot.egg-info to /home/luke/sailbot20-21/sailbot_ws/install/sailbot/lib/python3.6/site-packages/sailbot-0.0.0-py3.6.egg-info
[1.169s] running install_scripts
[1.287s] Installing control_system script to /home/luke/sailbot20-21/sailbot_ws/install/sailbot/lib/sailbot
[1.292s] Installing pin_io script to /home/luke/sailbot20-21/sailbot_ws/install/sailbot/lib/sailbot
[1.293s] writing list of installed files to '/home/luke/sailbot20-21/sailbot_ws/build/sailbot/install.log'
[1.316s] Invoked command in '/home/luke/sailbot20-21/sailbot_ws/src/sailbot' returned '0': PYTHONPATH=/home/luke/sailbot20-21/sailbot_ws/install/sailbot/lib/python3.6/site-packages:${PYTHONPATH} /usr/bin/python3 setup.py egg_info --egg-base ../../build/sailbot build --build-base /home/luke/sailbot20-21/sailbot_ws/build/sailbot/build install --prefix /home/luke/sailbot20-21/sailbot_ws/install/sailbot --record /home/luke/sailbot20-21/sailbot_ws/build/sailbot/install.log --single-version-externally-managed
