[0.563s] DEBUG:colcon:Command line arguments: ['/usr/bin/colcon', 'build', '--packages-select', 'sailbot']
[0.563s] DEBUG:colcon:Parsed command line arguments: Namespace(ament_cmake_args=None, base_paths=['.'], build_base='build', catkin_cmake_args=None, catkin_skip_building_tests=False, cmake_args=None, cmake_clean_cache=False, cmake_clean_first=False, cmake_force_configure=False, cmake_target=None, cmake_target_skip_unavailable=False, continue_on_error=False, event_handlers=None, executor='parallel', ignore_user_meta=False, install_base='install', log_base=None, log_level=None, main=<bound method BuildVerb.main of <colcon_core.verb.build.BuildVerb object at 0x7fe2b51332e8>>, merge_install=False, metas=['./colcon.meta'], packages_above=None, packages_above_and_dependencies=None, packages_above_depth=None, packages_end=None, packages_ignore=None, packages_ignore_regex=None, packages_select=['sailbot'], packages_select_build_failed=False, packages_select_by_dep=None, packages_select_regex=None, packages_select_test_failures=False, packages_skip=None, packages_skip_build_finished=False, packages_skip_by_dep=None, packages_skip_regex=None, packages_skip_test_passed=False, packages_skip_up_to=None, packages_start=None, packages_up_to=None, packages_up_to_regex=None, parallel_workers=2, paths=None, symlink_install=False, test_result_base=None, verb_extension=<colcon_core.verb.build.BuildVerb object at 0x7fe2b51332e8>, verb_name='build', verb_parser=<colcon_defaults.argument_parser.defaults.DefaultArgumentsDecorator object at 0x7fe2b5133630>)
[0.583s] Level 1:colcon.colcon_core.package_discovery:discover_packages(colcon_meta) check parameters
[0.583s] Level 1:colcon.colcon_core.package_discovery:discover_packages(recursive) check parameters
[0.583s] Level 1:colcon.colcon_core.package_discovery:discover_packages(ignore) check parameters
[0.583s] Level 1:colcon.colcon_core.package_discovery:discover_packages(path) check parameters
[0.583s] Level 1:colcon.colcon_core.package_discovery:discover_packages(colcon_meta) discover
[0.584s] Level 1:colcon.colcon_core.package_discovery:discover_packages(recursive) discover
[0.584s] INFO:colcon.colcon_core.package_discovery:Crawling recursively for packages in '/home/njeusman/sailbot20-21/sailbot_ws'
[0.584s] Level 1:colcon.colcon_core.package_identification:_identify(.) by extensions ['ignore', 'ignore_ament_install']
[0.584s] Level 1:colcon.colcon_core.package_identification:_identify(.) by extension 'ignore'
[0.584s] Level 1:colcon.colcon_core.package_identification:_identify(.) by extension 'ignore_ament_install'
[0.584s] Level 1:colcon.colcon_core.package_identification:_identify(.) by extensions ['colcon_pkg']
[0.585s] Level 1:colcon.colcon_core.package_identification:_identify(.) by extension 'colcon_pkg'
[0.585s] Level 1:colcon.colcon_core.package_identification:_identify(.) by extensions ['colcon_meta']
[0.585s] Level 1:colcon.colcon_core.package_identification:_identify(.) by extension 'colcon_meta'
[0.585s] Level 1:colcon.colcon_core.package_identification:_identify(.) by extensions ['ros']
[0.585s] Level 1:colcon.colcon_core.package_identification:_identify(.) by extension 'ros'
[0.610s] Level 1:colcon.colcon_core.package_identification:_identify(.) by extensions ['cmake', 'python']
[0.610s] Level 1:colcon.colcon_core.package_identification:_identify(.) by extension 'cmake'
[0.610s] Level 1:colcon.colcon_core.package_identification:_identify(.) by extension 'python'
[0.610s] Level 1:colcon.colcon_core.package_identification:_identify(.) by extensions ['python_setup_py']
[0.610s] Level 1:colcon.colcon_core.package_identification:_identify(.) by extension 'python_setup_py'
[0.610s] Level 1:colcon.colcon_core.package_identification:_identify(build) by extensions ['ignore', 'ignore_ament_install']
[0.611s] Level 1:colcon.colcon_core.package_identification:_identify(build) by extension 'ignore'
[0.611s] Level 1:colcon.colcon_core.package_identification:_identify(build) ignored
[0.611s] Level 1:colcon.colcon_core.package_identification:_identify(install) by extensions ['ignore', 'ignore_ament_install']
[0.612s] Level 1:colcon.colcon_core.package_identification:_identify(install) by extension 'ignore'
[0.612s] Level 1:colcon.colcon_core.package_identification:_identify(install) ignored
[0.612s] Level 1:colcon.colcon_core.package_identification:_identify(log) by extensions ['ignore', 'ignore_ament_install']
[0.612s] Level 1:colcon.colcon_core.package_identification:_identify(log) by extension 'ignore'
[0.612s] Level 1:colcon.colcon_core.package_identification:_identify(log) ignored
[0.612s] Level 1:colcon.colcon_core.package_identification:_identify(src) by extensions ['ignore', 'ignore_ament_install']
[0.612s] Level 1:colcon.colcon_core.package_identification:_identify(src) by extension 'ignore'
[0.613s] Level 1:colcon.colcon_core.package_identification:_identify(src) by extension 'ignore_ament_install'
[0.613s] Level 1:colcon.colcon_core.package_identification:_identify(src) by extensions ['colcon_pkg']
[0.613s] Level 1:colcon.colcon_core.package_identification:_identify(src) by extension 'colcon_pkg'
[0.613s] Level 1:colcon.colcon_core.package_identification:_identify(src) by extensions ['colcon_meta']
[0.613s] Level 1:colcon.colcon_core.package_identification:_identify(src) by extension 'colcon_meta'
[0.613s] Level 1:colcon.colcon_core.package_identification:_identify(src) by extensions ['ros']
[0.613s] Level 1:colcon.colcon_core.package_identification:_identify(src) by extension 'ros'
[0.613s] Level 1:colcon.colcon_core.package_identification:_identify(src) by extensions ['cmake', 'python']
[0.613s] Level 1:colcon.colcon_core.package_identification:_identify(src) by extension 'cmake'
[0.613s] Level 1:colcon.colcon_core.package_identification:_identify(src) by extension 'python'
[0.613s] Level 1:colcon.colcon_core.package_identification:_identify(src) by extensions ['python_setup_py']
[0.613s] Level 1:colcon.colcon_core.package_identification:_identify(src) by extension 'python_setup_py'
[0.614s] Level 1:colcon.colcon_core.package_identification:_identify(src/sailbot) by extensions ['ignore', 'ignore_ament_install']
[0.614s] Level 1:colcon.colcon_core.package_identification:_identify(src/sailbot) by extension 'ignore'
[0.614s] Level 1:colcon.colcon_core.package_identification:_identify(src/sailbot) by extension 'ignore_ament_install'
[0.614s] Level 1:colcon.colcon_core.package_identification:_identify(src/sailbot) by extensions ['colcon_pkg']
[0.614s] Level 1:colcon.colcon_core.package_identification:_identify(src/sailbot) by extension 'colcon_pkg'
[0.614s] Level 1:colcon.colcon_core.package_identification:_identify(src/sailbot) by extensions ['colcon_meta']
[0.614s] Level 1:colcon.colcon_core.package_identification:_identify(src/sailbot) by extension 'colcon_meta'
[0.614s] Level 1:colcon.colcon_core.package_identification:_identify(src/sailbot) by extensions ['ros']
[0.614s] Level 1:colcon.colcon_core.package_identification:_identify(src/sailbot) by extension 'ros'
[0.620s] DEBUG:colcon.colcon_core.package_identification:Package 'src/sailbot' with type 'ros.ament_python' and name 'sailbot'
[0.620s] Level 1:colcon.colcon_core.package_discovery:discover_packages(recursive) using defaults
[0.620s] Level 1:colcon.colcon_core.package_discovery:discover_packages(ignore) discover
[0.620s] Level 1:colcon.colcon_core.package_discovery:discover_packages(ignore) using defaults
[0.620s] Level 1:colcon.colcon_core.package_discovery:discover_packages(path) discover
[0.621s] Level 1:colcon.colcon_core.package_discovery:discover_packages(path) using defaults
[0.683s] Level 5:colcon.colcon_core.verb:set package 'sailbot' build argument 'cmake_args' from command line to 'None'
[0.683s] Level 5:colcon.colcon_core.verb:set package 'sailbot' build argument 'cmake_target' from command line to 'None'
[0.683s] Level 5:colcon.colcon_core.verb:set package 'sailbot' build argument 'cmake_target_skip_unavailable' from command line to 'False'
[0.683s] Level 5:colcon.colcon_core.verb:set package 'sailbot' build argument 'cmake_clean_cache' from command line to 'False'
[0.683s] Level 5:colcon.colcon_core.verb:set package 'sailbot' build argument 'cmake_clean_first' from command line to 'False'
[0.683s] Level 5:colcon.colcon_core.verb:set package 'sailbot' build argument 'cmake_force_configure' from command line to 'False'
[0.683s] Level 5:colcon.colcon_core.verb:set package 'sailbot' build argument 'ament_cmake_args' from command line to 'None'
[0.683s] Level 5:colcon.colcon_core.verb:set package 'sailbot' build argument 'catkin_cmake_args' from command line to 'None'
[0.683s] Level 5:colcon.colcon_core.verb:set package 'sailbot' build argument 'catkin_skip_building_tests' from command line to 'False'
[0.683s] DEBUG:colcon.colcon_core.verb:Building package 'sailbot' with the following arguments: {'ament_cmake_args': None, 'build_base': '/home/njeusman/sailbot20-21/sailbot_ws/build/sailbot', 'catkin_cmake_args': None, 'catkin_skip_building_tests': False, 'cmake_args': None, 'cmake_clean_cache': False, 'cmake_clean_first': False, 'cmake_force_configure': False, 'cmake_target': None, 'cmake_target_skip_unavailable': False, 'install_base': '/home/njeusman/sailbot20-21/sailbot_ws/install/sailbot', 'merge_install': False, 'path': '/home/njeusman/sailbot20-21/sailbot_ws/src/sailbot', 'symlink_install': False, 'test_result_base': None}
[0.684s] INFO:colcon.colcon_core.executor:Executing jobs using 'parallel' executor
[0.688s] DEBUG:colcon.colcon_parallel_executor.executor.parallel:run_until_complete
[0.689s] INFO:colcon.colcon_ros.task.ament_python.build:Building ROS package in '/home/njeusman/sailbot20-21/sailbot_ws/src/sailbot' with build type 'ament_python'
[0.689s] Level 1:colcon.colcon_core.shell:create_environment_hook('sailbot', 'ament_prefix_path')
[0.701s] INFO:colcon.colcon_core.plugin_system:Skipping extension 'colcon_core.shell.bat': Not used on non-Windows systems
[0.702s] INFO:colcon.colcon_core.shell:Creating environment hook '/home/njeusman/sailbot20-21/sailbot_ws/install/sailbot/share/sailbot/hook/ament_prefix_path.ps1'
[0.705s] INFO:colcon.colcon_core.shell:Creating environment descriptor '/home/njeusman/sailbot20-21/sailbot_ws/install/sailbot/share/sailbot/hook/ament_prefix_path.dsv'
[0.706s] INFO:colcon.colcon_core.shell:Creating environment hook '/home/njeusman/sailbot20-21/sailbot_ws/install/sailbot/share/sailbot/hook/ament_prefix_path.sh'
[0.709s] INFO:colcon.colcon_core.shell:Skip shell extension 'powershell' for command environment: Not usable outside of PowerShell
[0.709s] DEBUG:colcon.colcon_core.shell:Skip shell extension 'dsv' for command environment
[0.716s] DEBUG:colcon.colcon_core.shell:Ignoring prefix path '/opt/ros/dashing'
[1.219s] INFO:colcon.colcon_core.task.python.build:Building Python package in '/home/njeusman/sailbot20-21/sailbot_ws/src/sailbot'
[1.221s] INFO:colcon.colcon_core.shell:Skip shell extension 'powershell' for command environment: Not usable outside of PowerShell
[1.221s] DEBUG:colcon.colcon_core.shell:Skip shell extension 'dsv' for command environment
[1.225s] DEBUG:colcon.colcon_core.shell:Ignoring prefix path '/opt/ros/dashing'
[1.233s] DEBUG:colcon.colcon_core.event_handler.log_command:Invoking command in '/home/njeusman/sailbot20-21/sailbot_ws/src/sailbot': PYTHONPATH=/home/njeusman/sailbot20-21/sailbot_ws/install/sailbot/lib/python3.6/site-packages:${PYTHONPATH} /usr/bin/python3 setup.py egg_info --egg-base ../../build/sailbot build --build-base /home/njeusman/sailbot20-21/sailbot_ws/build/sailbot/build install --prefix /home/njeusman/sailbot20-21/sailbot_ws/install/sailbot --record /home/njeusman/sailbot20-21/sailbot_ws/build/sailbot/install.log --single-version-externally-managed
[1.969s] DEBUG:colcon.colcon_core.event_handler.log_command:Invoked command in '/home/njeusman/sailbot20-21/sailbot_ws/src/sailbot' returned '0': PYTHONPATH=/home/njeusman/sailbot20-21/sailbot_ws/install/sailbot/lib/python3.6/site-packages:${PYTHONPATH} /usr/bin/python3 setup.py egg_info --egg-base ../../build/sailbot build --build-base /home/njeusman/sailbot20-21/sailbot_ws/build/sailbot/build install --prefix /home/njeusman/sailbot20-21/sailbot_ws/install/sailbot --record /home/njeusman/sailbot20-21/sailbot_ws/build/sailbot/install.log --single-version-externally-managed
[1.994s] Level 1:colcon.colcon_core.environment:checking '/home/njeusman/sailbot20-21/sailbot_ws/install/sailbot' for CMake module files
[1.995s] Level 1:colcon.colcon_core.environment:checking '/home/njeusman/sailbot20-21/sailbot_ws/install/sailbot' for CMake config files
[1.997s] Level 1:colcon.colcon_core.environment:checking '/home/njeusman/sailbot20-21/sailbot_ws/install/sailbot/lib'
[1.998s] Level 1:colcon.colcon_core.environment:checking '/home/njeusman/sailbot20-21/sailbot_ws/install/sailbot/bin'
[1.998s] Level 1:colcon.colcon_core.environment:checking '/home/njeusman/sailbot20-21/sailbot_ws/install/sailbot/lib/pkgconfig/sailbot.pc'
[1.998s] Level 1:colcon.colcon_core.environment:checking '/home/njeusman/sailbot20-21/sailbot_ws/install/sailbot/lib/python3.6/site-packages'
[1.998s] Level 1:colcon.colcon_core.shell:create_environment_hook('sailbot', 'pythonpath')
[2.000s] INFO:colcon.colcon_core.shell:Creating environment hook '/home/njeusman/sailbot20-21/sailbot_ws/install/sailbot/share/sailbot/hook/pythonpath.ps1'
[2.001s] INFO:colcon.colcon_core.shell:Creating environment descriptor '/home/njeusman/sailbot20-21/sailbot_ws/install/sailbot/share/sailbot/hook/pythonpath.dsv'
[2.001s] INFO:colcon.colcon_core.shell:Creating environment hook '/home/njeusman/sailbot20-21/sailbot_ws/install/sailbot/share/sailbot/hook/pythonpath.sh'
[2.002s] Level 1:colcon.colcon_core.environment:create_environment_scripts_only(sailbot)
[2.004s] INFO:colcon.colcon_core.shell:Creating package script '/home/njeusman/sailbot20-21/sailbot_ws/install/sailbot/share/sailbot/package.ps1'
[2.007s] INFO:colcon.colcon_core.shell:Creating package descriptor '/home/njeusman/sailbot20-21/sailbot_ws/install/sailbot/share/sailbot/package.dsv'
[2.008s] INFO:colcon.colcon_core.shell:Creating package script '/home/njeusman/sailbot20-21/sailbot_ws/install/sailbot/share/sailbot/package.sh'
[2.011s] INFO:colcon.colcon_core.shell:Creating package script '/home/njeusman/sailbot20-21/sailbot_ws/install/sailbot/share/sailbot/package.bash'
[2.013s] INFO:colcon.colcon_core.shell:Creating package script '/home/njeusman/sailbot20-21/sailbot_ws/install/sailbot/share/sailbot/package.zsh'
[2.016s] Level 1:colcon.colcon_core.environment:create_file_with_runtime_dependencies(/home/njeusman/sailbot20-21/sailbot_ws/install/sailbot/share/colcon-core/packages/sailbot)
[2.017s] DEBUG:colcon.colcon_parallel_executor.executor.parallel:closing loop
[2.018s] DEBUG:colcon.colcon_parallel_executor.executor.parallel:loop closed
[2.018s] DEBUG:colcon.colcon_parallel_executor.executor.parallel:run_until_complete finished with '0'
[2.018s] DEBUG:colcon.colcon_core.event_reactor:joining thread
[2.051s] INFO:colcon.colcon_core.plugin_system:Skipping extension 'colcon_notification.desktop_notification.terminal_notifier': Not used on non-Darwin systems
[2.051s] INFO:colcon.colcon_core.plugin_system:Skipping extension 'colcon_notification.desktop_notification.win32': Not used on non-Windows systems
[2.052s] INFO:colcon.colcon_notification.desktop_notification:Sending desktop notification using 'notify2'
[2.075s] DEBUG:colcon.colcon_core.event_reactor:joined thread
[2.077s] INFO:colcon.colcon_core.shell:Creating prefix script '/home/njeusman/sailbot20-21/sailbot_ws/install/local_setup.ps1'
[2.080s] INFO:colcon.colcon_core.shell:Creating prefix util module '/home/njeusman/sailbot20-21/sailbot_ws/install/_local_setup_util_ps1.py'
[2.085s] INFO:colcon.colcon_core.shell:Creating prefix chain script '/home/njeusman/sailbot20-21/sailbot_ws/install/setup.ps1'
[2.094s] INFO:colcon.colcon_core.shell:Creating prefix script '/home/njeusman/sailbot20-21/sailbot_ws/install/local_setup.sh'
[2.095s] INFO:colcon.colcon_core.shell:Creating prefix util module '/home/njeusman/sailbot20-21/sailbot_ws/install/_local_setup_util_sh.py'
[2.096s] INFO:colcon.colcon_core.shell:Creating prefix chain script '/home/njeusman/sailbot20-21/sailbot_ws/install/setup.sh'
[2.104s] INFO:colcon.colcon_core.shell:Creating prefix script '/home/njeusman/sailbot20-21/sailbot_ws/install/local_setup.bash'
[2.106s] INFO:colcon.colcon_core.shell:Creating prefix chain script '/home/njeusman/sailbot20-21/sailbot_ws/install/setup.bash'
[2.115s] INFO:colcon.colcon_core.shell:Creating prefix script '/home/njeusman/sailbot20-21/sailbot_ws/install/local_setup.zsh'
[2.118s] INFO:colcon.colcon_core.shell:Creating prefix chain script '/home/njeusman/sailbot20-21/sailbot_ws/install/setup.zsh'
