running egg_info
writing ../../build/sailbot/sailbot.egg-info/PKG-INFO
writing dependency_links to ../../build/sailbot/sailbot.egg-info/dependency_links.txt
writing entry points to ../../build/sailbot/sailbot.egg-info/entry_points.txt
writing requirements to ../../build/sailbot/sailbot.egg-info/requires.txt
writing top-level names to ../../build/sailbot/sailbot.egg-info/top_level.txt
reading manifest file '../../build/sailbot/sailbot.egg-info/SOURCES.txt'
writing manifest file '../../build/sailbot/sailbot.egg-info/SOURCES.txt'
running build
running build_py
running install
running install_lib
running install_data
copying launch/all_nodes.py -> /home/luke/sailbot20-21/sailbot_ws/install/sailbot/share/sailbot/launch
running install_egg_info
removing '/home/luke/sailbot20-21/sailbot_ws/install/sailbot/lib/python3.6/site-packages/sailbot-0.0.0-py3.6.egg-info' (and everything under it)
Copying ../../build/sailbot/sailbot.egg-info to /home/luke/sailbot20-21/sailbot_ws/install/sailbot/lib/python3.6/site-packages/sailbot-0.0.0-py3.6.egg-info
running install_scripts
Installing control_system script to /home/luke/sailbot20-21/sailbot_ws/install/sailbot/lib/sailbot
Installing pin_io script to /home/luke/sailbot20-21/sailbot_ws/install/sailbot/lib/sailbot
writing list of installed files to '/home/luke/sailbot20-21/sailbot_ws/build/sailbot/install.log'
